Using pre-set license
Built from '2020.3/staging' branch; Version is '2020.3.30f1 (1fb1bf06830e) revision 2077119'; Using compiler version '192528614'; Build Type 'Release'
OS: 'Windows 10  (10.0.19043) 64bit Professional' Language: 'hu' Physical Memory: 16289 MB
BatchMode: 1, IsHumanControllingUs: 0, StartBugReporterOnCrash: 0, Is64bit: 1, IsPro: 0

COMMAND LINE ARGUMENTS:
C:\Program Files\Unity\Hub\Editor\2020.3.30f1\Editor\Unity.exe
-adb2
-batchMode
-noUpm
-name
AssetImportWorker0
-projectPath
D:/School/Projekt_lab/GITHUB/Game/Color_game
-logFile
Logs/AssetImportWorker0.log
-srvPort
55572
Successfully changed project path to: D:/School/Projekt_lab/GITHUB/Game/Color_game
D:/School/Projekt_lab/GITHUB/Game/Color_game
Using Asset Import Pipeline V2.
Refreshing native plugins compatible for Editor in 23.30 ms, found 2 plugins.
Preloading 0 native plugins for Editor in 0.00 ms.
Initialize engine version: 2020.3.30f1 (1fb1bf06830e)
[Subsystems] Discovering subsystems at path C:/Program Files/Unity/Hub/Editor/2020.3.30f1/Editor/Data/Resources/UnitySubsystems
[Subsystems] Discovering subsystems at path D:/School/Projekt_lab/GITHUB/Game/Color_game/Assets
GfxDevice: creating device client; threaded=0
Direct3D:
    Version:  Direct3D 11.0 [level 11.1]
    Renderer: NVIDIA GeForce RTX 3060 Ti (ID=0x2489)
    Vendor:   
    VRAM:     8050 MB
    Driver:   30.0.14.9676
Initialize mono
Mono path[0] = 'C:/Program Files/Unity/Hub/Editor/2020.3.30f1/Editor/Data/Managed'
Mono path[1] = 'C:/Program Files/Unity/Hub/Editor/2020.3.30f1/Editor/Data/MonoBleedingEdge/lib/mono/unityjit'
Mono config path = 'C:/Program Files/Unity/Hub/Editor/2020.3.30f1/Editor/Data/MonoBleedingEdge/etc'
Using monoOptions --debugger-agent=transport=dt_socket,embedding=1,server=y,suspend=n,address=127.0.0.1:56848
Begin MonoManager ReloadAssembly
Registering precompiled unity dll's ...
Register platform support module: C:/Program Files/Unity/Hub/Editor/2020.3.30f1/Editor/Data/PlaybackEngines/WindowsStandaloneSupport/UnityEditor.WindowsStandalone.Extensions.dll
Registered in 0.001883 seconds.
Native extension for WindowsStandalone target not found
Refreshing native plugins compatible for Editor in 22.95 ms, found 2 plugins.
Preloading 0 native plugins for Editor in 0.00 ms.
Mono: successfully reloaded assembly
- Completed reload, in  0.388 seconds
Domain Reload Profiling:
	ReloadAssembly (388ms)
		BeginReloadAssembly (50ms)
			ExecutionOrderSort (0ms)
			DisableScriptedObjects (0ms)
			BackupInstance (0ms)
			ReleaseScriptingObjects (0ms)
			CreateAndSetChildDomain (0ms)
		EndReloadAssembly (287ms)
			LoadAssemblies (48ms)
			RebuildTransferFunctionScriptingTraits (0ms)
			SetupTypeCache (90ms)
			ReleaseScriptCaches (0ms)
			RebuildScriptCaches (18ms)
			SetupLoadedEditorAssemblies (109ms)
				LogAssemblyErrors (0ms)
				InitializePlatformSupportModulesInManaged (3ms)
				SetLoadedEditorAssemblies (0ms)
				RefreshPlugins (23ms)
				BeforeProcessingInitializeOnLoad (11ms)
				ProcessInitializeOnLoadAttributes (54ms)
				ProcessInitializeOnLoadMethodAttributes (18ms)
				AfterProcessingInitializeOnLoad (0ms)
				EditorAssembliesLoaded (0ms)
			ExecutionOrderSort2 (0ms)
			AwakeInstancesAfterBackupRestoration (0ms)
Platform modules already initialized, skipping
Registering precompiled user dll's ...
Registered in 0.001680 seconds.
Begin MonoManager ReloadAssembly
Native extension for WindowsStandalone target not found
Refreshing native plugins compatible for Editor in 23.08 ms, found 2 plugins.
Preloading 0 native plugins for Editor in 0.00 ms.
Mono: successfully reloaded assembly
- Completed reload, in  0.667 seconds
Domain Reload Profiling:
	ReloadAssembly (668ms)
		BeginReloadAssembly (106ms)
			ExecutionOrderSort (0ms)
			DisableScriptedObjects (3ms)
			BackupInstance (0ms)
			ReleaseScriptingObjects (0ms)
			CreateAndSetChildDomain (15ms)
		EndReloadAssembly (520ms)
			LoadAssemblies (69ms)
			RebuildTransferFunctionScriptingTraits (0ms)
			SetupTypeCache (163ms)
			ReleaseScriptCaches (0ms)
			RebuildScriptCaches (25ms)
			SetupLoadedEditorAssemblies (203ms)
				LogAssemblyErrors (0ms)
				InitializePlatformSupportModulesInManaged (2ms)
				SetLoadedEditorAssemblies (0ms)
				RefreshPlugins (23ms)
				BeforeProcessingInitializeOnLoad (46ms)
				ProcessInitializeOnLoadAttributes (118ms)
				ProcessInitializeOnLoadMethodAttributes (6ms)
				AfterProcessingInitializeOnLoad (6ms)
				EditorAssembliesLoaded (0ms)
			ExecutionOrderSort2 (0ms)
			AwakeInstancesAfterBackupRestoration (4ms)
Platform modules already initialized, skipping
========================================================================
Worker process is ready to serve import requests
Launched and connected shader compiler UnityShaderCompiler.exe after 0.03 seconds
Refreshing native plugins compatible for Editor in 0.36 ms, found 2 plugins.
Preloading 0 native plugins for Editor in 0.00 ms.
Unloading 1572 Unused Serialized files (Serialized files now loaded: 0)
System memory in use before: 164.8 MB.
System memory in use after: 164.9 MB.

Unloading 15 unused Assets to reduce memory usage. Loaded Objects now: 2050.
Total: 2.487700 ms (FindLiveObjects: 0.144300 ms CreateObjectMapping: 0.048500 ms MarkObjects: 2.275700 ms  DeleteObjects: 0.018500 ms)

AssetImportParameters requested are different than current active one (requested -> active):
  custom:framework-win-MediaFoundation: 216162199b28c13a410421893ffa2e32 -> 
  custom:video-decoder-ogg-theora: a1e56fd34408186e4bbccfd4996cb3dc -> 
  custom:container-muxer-webm: aa71ff27fc2769a1b78a27578f13a17b -> 
  custom:container-demuxer-webm: 4f35f7cbe854078d1ac9338744f61a02 -> 
  custom:container-demuxer-ogg: 62fdf1f143b41e24485cea50d1cbac27 -> 
  custom:video-encoder-webm-vp8: eb34c28f22e8b96e1ab97ce403110664 -> 
  custom:video-decoder-webm-vp8: 9c59270c3fd7afecdb556c50c9e8de78 -> 
  custom:audio-decoder-ogg-vorbis: bf7c407c2cedff20999df2af8eb42d56 -> 
  custom:audio-encoder-webm-vorbis: bf7c407c2cedff20999df2af8eb42d56 -> 
========================================================================
Received Import Request.
  path: Assets/Scenes
  artifactKey: Guid(b26fde7ed138889438854c09bc41de75) Importer(815301076,1909f56bfc062723c751e8b465ee728b)
Start importing Assets/Scenes using Guid(b26fde7ed138889438854c09bc41de75) Importer(815301076,1909f56bfc062723c751e8b465ee728b)  -> (artifact id: '77921e82f141617717dc7fbe05a6c3a0') in 0.003576 seconds 
========================================================================
Received Import Request.
  Time since last request: 0.023163 seconds.
  path: Assets/Scenes/Menu
  artifactKey: Guid(a7ef930da9578d5428bfffd75bd79683) Importer(815301076,1909f56bfc062723c751e8b465ee728b)
Start importing Assets/Scenes/Menu using Guid(a7ef930da9578d5428bfffd75bd79683) Importer(815301076,1909f56bfc062723c751e8b465ee728b)  -> (artifact id: '06b4529c2ef8210dd7d6cbef624d53ad') in 0.001651 seconds 
========================================================================
Received Import Request.
  Time since last request: 0.951375 seconds.
  path: Assets/Scenes/Diamond_Game
  artifactKey: Guid(e5433d8c3474621458df114b5ae7ed36) Importer(815301076,1909f56bfc062723c751e8b465ee728b)
Start importing Assets/Scenes/Diamond_Game using Guid(e5433d8c3474621458df114b5ae7ed36) Importer(815301076,1909f56bfc062723c751e8b465ee728b)  -> (artifact id: '81695b5ef27746b175fe07bf5238e219') in 0.001430 seconds 
========================================================================
Received Import Request.
  Time since last request: 3.283455 seconds.
  path: Assets/Scenes/Gray_scale.unity
  artifactKey: Guid(5a479d668c9cfd64ebf0a1600000b7a8) Importer(815301076,1909f56bfc062723c751e8b465ee728b)
Start importing Assets/Scenes/Gray_scale.unity using Guid(5a479d668c9cfd64ebf0a1600000b7a8) Importer(815301076,1909f56bfc062723c751e8b465ee728b)  -> (artifact id: '0726ddf36c1cb128bdae1b78b57dd743') in 0.007345 seconds 
========================================================================
Received Import Request.
  Time since last request: 24.375935 seconds.
  path: Assets/Materials
  artifactKey: Guid(60fe1b58ecc155d4b9c251d6e367290e) Importer(815301076,1909f56bfc062723c751e8b465ee728b)
Start importing Assets/Materials using Guid(60fe1b58ecc155d4b9c251d6e367290e) Importer(815301076,1909f56bfc062723c751e8b465ee728b)  -> (artifact id: '0c1d22a6f4c8371ea4a2dfd601abc912') in 0.001888 seconds 
========================================================================
Received Import Request.
  Time since last request: 1.506044 seconds.
  path: Assets/Materials/Colors
  artifactKey: Guid(9cd20f0e41dff1743b495b682327d3b1) Importer(815301076,1909f56bfc062723c751e8b465ee728b)
Start importing Assets/Materials/Colors using Guid(9cd20f0e41dff1743b495b682327d3b1) Importer(815301076,1909f56bfc062723c751e8b465ee728b)  -> (artifact id: 'efb01a1178de349d60e844b292509a24') in 0.001853 seconds 
========================================================================
Received Import Request.
  Time since last request: 0.067665 seconds.
  path: Assets/Materials/Colors/AppleGreenDark.mat
  artifactKey: Guid(92ee4508fc6e3ae448599119b33acf21) Importer(815301076,1909f56bfc062723c751e8b465ee728b)
Start importing Assets/Materials/Colors/AppleGreenDark.mat using Guid(92ee4508fc6e3ae448599119b33acf21) Importer(815301076,1909f56bfc062723c751e8b465ee728b)  -> (artifact id: 'b2eb6a0f51cc266e39ca819015e210cc') in 0.124407 seconds 
========================================================================
Received Import Request.
  Time since last request: 0.000151 seconds.
  path: Assets/Materials/Colors/PinkMuted.mat
  artifactKey: Guid(33cbb7af3b8d867468c698d2926a9b59) Importer(815301076,1909f56bfc062723c751e8b465ee728b)
Start importing Assets/Materials/Colors/PinkMuted.mat using Guid(33cbb7af3b8d867468c698d2926a9b59) Importer(815301076,1909f56bfc062723c751e8b465ee728b)  -> (artifact id: 'fa682a8ff4848d74fbb45f11bec1eb86') in 0.006585 seconds 
========================================================================
Received Import Request.
  Time since last request: 0.000121 seconds.
  path: Assets/Materials/Colors/TurquoisePale.mat
  artifactKey: Guid(5bcaf588462fdc94fb0a7862cc45564b) Importer(815301076,1909f56bfc062723c751e8b465ee728b)
Start importing Assets/Materials/Colors/TurquoisePale.mat using Guid(5bcaf588462fdc94fb0a7862cc45564b) Importer(815301076,1909f56bfc062723c751e8b465ee728b)  -> (artifact id: '8286bf70ea9b7d6903dfb601bc17b2c2') in 0.005234 seconds 
========================================================================
Received Import Request.
  Time since last request: 0.000135 seconds.
  path: Assets/Materials/Colors/VioletVivid.mat
  artifactKey: Guid(398e1e1088e078040b54b5e451cb9e7e) Importer(815301076,1909f56bfc062723c751e8b465ee728b)
Start importing Assets/Materials/Colors/VioletVivid.mat using Guid(398e1e1088e078040b54b5e451cb9e7e) Importer(815301076,1909f56bfc062723c751e8b465ee728b)  -> (artifact id: 'e28efac2f9a248d7264d7ad7c7091ef2') in 0.004955 seconds 
========================================================================
Received Import Request.
  Time since last request: 0.000163 seconds.
  path: Assets/Materials/Colors/YellowMuted.mat
  artifactKey: Guid(3676e87b8570da14f986e0bff4095925) Importer(815301076,1909f56bfc062723c751e8b465ee728b)
Start importing Assets/Materials/Colors/YellowMuted.mat using Guid(3676e87b8570da14f986e0bff4095925) Importer(815301076,1909f56bfc062723c751e8b465ee728b)  -> (artifact id: '0f49659d02c5e8ae9ddd3dfd70dfe08b') in 0.004906 seconds 
========================================================================
Received Import Request.
  Time since last request: 0.000127 seconds.
  path: Assets/Materials/Colors/Gray7.mat
  artifactKey: Guid(dbf02c57048386f41913cf081e08b367) Importer(815301076,1909f56bfc062723c751e8b465ee728b)
Start importing Assets/Materials/Colors/Gray7.mat using Guid(dbf02c57048386f41913cf081e08b367) Importer(815301076,1909f56bfc062723c751e8b465ee728b)  -> (artifact id: 'fe082136b70c514eee5af321137d5f90') in 0.004653 seconds 
========================================================================
Received Import Request.
  Time since last request: 0.000123 seconds.
  path: Assets/Materials/Colors/OrangePale.mat
  artifactKey: Guid(fd059fae8a90cd347a47312c114a1f83) Importer(815301076,1909f56bfc062723c751e8b465ee728b)
Start importing Assets/Materials/Colors/OrangePale.mat using Guid(fd059fae8a90cd347a47312c114a1f83) Importer(815301076,1909f56bfc062723c751e8b465ee728b)  -> (artifact id: 'ecf403e58b2d63e3abc259808a611e50') in 0.004876 seconds 
========================================================================
Received Import Request.
  Time since last request: 0.000122 seconds.
  path: Assets/Materials/Colors/GreenDark.mat
  artifactKey: Guid(866bec5e8a21c4f48af06d5c201a008a) Importer(815301076,1909f56bfc062723c751e8b465ee728b)
Start importing Assets/Materials/Colors/GreenDark.mat using Guid(866bec5e8a21c4f48af06d5c201a008a) Importer(815301076,1909f56bfc062723c751e8b465ee728b)  -> (artifact id: '8fe34db32ba6da83876faee3b6cf89ed') in 0.006091 seconds 
========================================================================
Received Import Request.
  Time since last request: 0.000134 seconds.
  path: Assets/Materials/Colors/Gray4.mat
  artifactKey: Guid(272c3cc96c2945549ab37149e0fde67a) Importer(815301076,1909f56bfc062723c751e8b465ee728b)
Start importing Assets/Materials/Colors/Gray4.mat using Guid(272c3cc96c2945549ab37149e0fde67a) Importer(815301076,1909f56bfc062723c751e8b465ee728b)  -> (artifact id: 'b138d896ae829bab8e5c4b4546b18763') in 0.005269 seconds 
========================================================================
Received Import Request.
  Time since last request: 0.000123 seconds.
  path: Assets/Materials/Colors/Gray3.mat
  artifactKey: Guid(a880f93e7779017469551e6e11f883d9) Importer(815301076,1909f56bfc062723c751e8b465ee728b)
Start importing Assets/Materials/Colors/Gray3.mat using Guid(a880f93e7779017469551e6e11f883d9) Importer(815301076,1909f56bfc062723c751e8b465ee728b)  -> (artifact id: '8b30bd84d69485c4ccd85d9e2fa93f25') in 0.005890 seconds 
========================================================================
Received Import Request.
  Time since last request: 0.000120 seconds.
  path: Assets/Materials/Colors/Gray6.mat
  artifactKey: Guid(6433978c720a6a4419f2e6b63db3c25e) Importer(815301076,1909f56bfc062723c751e8b465ee728b)
Start importing Assets/Materials/Colors/Gray6.mat using Guid(6433978c720a6a4419f2e6b63db3c25e) Importer(815301076,1909f56bfc062723c751e8b465ee728b)  -> (artifact id: '5b63fa4640dc65d98ddecf577db220b0') in 0.004773 seconds 
========================================================================
Received Import Request.
  Time since last request: 0.000122 seconds.
  path: Assets/Materials/Colors/Gray5.mat
  artifactKey: Guid(60e93a01025ef3e4bb070aee655e64ad) Importer(815301076,1909f56bfc062723c751e8b465ee728b)
Start importing Assets/Materials/Colors/Gray5.mat using Guid(60e93a01025ef3e4bb070aee655e64ad) Importer(815301076,1909f56bfc062723c751e8b465ee728b)  -> (artifact id: '46aa16499a5287aebce8243694f4b4b0') in 0.004738 seconds 
========================================================================
Received Import Request.
  Time since last request: 0.000149 seconds.
  path: Assets/Materials/Colors/Gray1.mat
  artifactKey: Guid(7b2d42158f07ca649a84df2a196eb9dd) Importer(815301076,1909f56bfc062723c751e8b465ee728b)
Start importing Assets/Materials/Colors/Gray1.mat using Guid(7b2d42158f07ca649a84df2a196eb9dd) Importer(815301076,1909f56bfc062723c751e8b465ee728b)  -> (artifact id: '5627aaac7b7e43582d0e3563f78c32a1') in 0.004689 seconds 
========================================================================
Received Import Request.
  Time since last request: 0.000137 seconds.
  path: Assets/Materials/Colors/GreenPale.mat
  artifactKey: Guid(a17658543f7b7ae408c1ace22c8b2a4e) Importer(815301076,1909f56bfc062723c751e8b465ee728b)
Start importing Assets/Materials/Colors/GreenPale.mat using Guid(a17658543f7b7ae408c1ace22c8b2a4e) Importer(815301076,1909f56bfc062723c751e8b465ee728b)  -> (artifact id: '8a57438f2f2b7016b5a42f7e47f17c30') in 0.005046 seconds 
========================================================================
Received Import Request.
  Time since last request: 0.000120 seconds.
  path: Assets/Materials/Colors/RedVivid.mat
  artifactKey: Guid(81404477dc04c2e499e38bf2d1083e0d) Importer(815301076,1909f56bfc062723c751e8b465ee728b)
Start importing Assets/Materials/Colors/RedVivid.mat using Guid(81404477dc04c2e499e38bf2d1083e0d) Importer(815301076,1909f56bfc062723c751e8b465ee728b)  -> (artifact id: '13ea5995c0091e7aa7ef98c4ce68ac57') in 0.004859 seconds 
========================================================================
Received Import Request.
  Time since last request: 0.000134 seconds.
  path: Assets/Materials/Colors/AppleGreenMuted.mat
  artifactKey: Guid(08b8b3b0f396335488b0c8bcab9e1b1d) Importer(815301076,1909f56bfc062723c751e8b465ee728b)
Start importing Assets/Materials/Colors/AppleGreenMuted.mat using Guid(08b8b3b0f396335488b0c8bcab9e1b1d) Importer(815301076,1909f56bfc062723c751e8b465ee728b)  -> (artifact id: 'e7ca92e0271c2c465100368973e89937') in 0.004995 seconds 
========================================================================
Received Import Request.
  Time since last request: 0.000123 seconds.
  path: Assets/Materials/Colors/Gray9.mat
  artifactKey: Guid(a89c678de94add34db12f5e878087b08) Importer(815301076,1909f56bfc062723c751e8b465ee728b)
Start importing Assets/Materials/Colors/Gray9.mat using Guid(a89c678de94add34db12f5e878087b08) Importer(815301076,1909f56bfc062723c751e8b465ee728b)  -> (artifact id: 'cf11e330552f67127e48773f8bb68500') in 0.004942 seconds 
========================================================================
Received Import Request.
  Time since last request: 0.000114 seconds.
  path: Assets/Materials/Colors/TurquoiseDark.mat
  artifactKey: Guid(bf1f0a3b135f7464c9d8fe4b4925f36c) Importer(815301076,1909f56bfc062723c751e8b465ee728b)
Start importing Assets/Materials/Colors/TurquoiseDark.mat using Guid(bf1f0a3b135f7464c9d8fe4b4925f36c) Importer(815301076,1909f56bfc062723c751e8b465ee728b)  -> (artifact id: '243095a0d8bc9c45d232fd64dd855755') in 0.004645 seconds 
========================================================================
Received Import Request.
  Time since last request: 0.000135 seconds.
  path: Assets/Materials/Colors/Gray2.mat
  artifactKey: Guid(1761a4dbc8180c94aa656cde2c57215f) Importer(815301076,1909f56bfc062723c751e8b465ee728b)
Start importing Assets/Materials/Colors/Gray2.mat using Guid(1761a4dbc8180c94aa656cde2c57215f) Importer(815301076,1909f56bfc062723c751e8b465ee728b)  -> (artifact id: '07d6536cdb66bdcedc7ee7762b549417') in 0.004665 seconds 
========================================================================
Received Import Request.
  Time since last request: 0.000213 seconds.
  path: Assets/Materials/Colors/RedPale.mat
  artifactKey: Guid(c2c5dbcb2f4193b4db34031eac6c8feb) Importer(815301076,1909f56bfc062723c751e8b465ee728b)
Start importing Assets/Materials/Colors/RedPale.mat using Guid(c2c5dbcb2f4193b4db34031eac6c8feb) Importer(815301076,1909f56bfc062723c751e8b465ee728b)  -> (artifact id: '1ea58f8465d404e744f51ba99f0e69f0') in 0.004935 seconds 
========================================================================
Received Import Request.
  Time since last request: 0.000130 seconds.
  path: Assets/Materials/Colors/Transparent.mat
  artifactKey: Guid(11d1f88a707dd974aa494f7264b3a2c8) Importer(815301076,1909f56bfc062723c751e8b465ee728b)
Start importing Assets/Materials/Colors/Transparent.mat using Guid(11d1f88a707dd974aa494f7264b3a2c8) Importer(815301076,1909f56bfc062723c751e8b465ee728b)  -> (artifact id: 'cf3f59aecff22f5846ce264c12e99429') in 0.005811 seconds 
========================================================================
Received Import Request.
  Time since last request: 0.000143 seconds.
  path: Assets/Materials/Colors/Yellow3.mat
  artifactKey: Guid(dcd9e425411226649ba68266c2e782db) Importer(815301076,1909f56bfc062723c751e8b465ee728b)
Start importing Assets/Materials/Colors/Yellow3.mat using Guid(dcd9e425411226649ba68266c2e782db) Importer(815301076,1909f56bfc062723c751e8b465ee728b)  -> (artifact id: '28590e855702d34d42eef6a089bf0a4d') in 0.004923 seconds 
========================================================================
Received Import Request.
  Time since last request: 0.000123 seconds.
  path: Assets/Materials/Colors/PinkPale.mat
  artifactKey: Guid(135d5bf606050f94da77d381cc006b01) Importer(815301076,1909f56bfc062723c751e8b465ee728b)
Start importing Assets/Materials/Colors/PinkPale.mat using Guid(135d5bf606050f94da77d381cc006b01) Importer(815301076,1909f56bfc062723c751e8b465ee728b)  -> (artifact id: 'af5a0a6fa371a02808628355760b8176') in 0.005179 seconds 
========================================================================
Received Import Request.
  Time since last request: 0.000121 seconds.
  path: Assets/Materials/Colors/VioletMuted.mat
  artifactKey: Guid(b56fb56d1df008c419fe50f49d7b39ad) Importer(815301076,1909f56bfc062723c751e8b465ee728b)
Start importing Assets/Materials/Colors/VioletMuted.mat using Guid(b56fb56d1df008c419fe50f49d7b39ad) Importer(815301076,1909f56bfc062723c751e8b465ee728b)  -> (artifact id: 'e62507e4eb4d7f8966c6aafc4b8ea002') in 0.004938 seconds 
========================================================================
Received Import Request.
  Time since last request: 0.000131 seconds.
  path: Assets/Materials/Colors/OrangeDark.mat
  artifactKey: Guid(c3c912cf07ebbf849a6019e84edce218) Importer(815301076,1909f56bfc062723c751e8b465ee728b)
Start importing Assets/Materials/Colors/OrangeDark.mat using Guid(c3c912cf07ebbf849a6019e84edce218) Importer(815301076,1909f56bfc062723c751e8b465ee728b)  -> (artifact id: 'e8184b230f5a9f3c6c85e911fbf50673') in 0.004817 seconds 
========================================================================
Received Import Request.
  Time since last request: 0.000141 seconds.
  path: Assets/Materials/Colors/TurquoiseVivid.mat
  artifactKey: Guid(fe8eb257b75c8c94faee68d625d4a7ee) Importer(815301076,1909f56bfc062723c751e8b465ee728b)
Start importing Assets/Materials/Colors/TurquoiseVivid.mat using Guid(fe8eb257b75c8c94faee68d625d4a7ee) Importer(815301076,1909f56bfc062723c751e8b465ee728b)  -> (artifact id: 'b1270a64e95bc26c659495450f85be23') in 0.004917 seconds 
========================================================================
Received Import Request.
  Time since last request: 0.000137 seconds.
  path: Assets/Materials/Colors/BlueDark.mat
  artifactKey: Guid(73a95d3487bed2a42881a59262d82c31) Importer(815301076,1909f56bfc062723c751e8b465ee728b)
Start importing Assets/Materials/Colors/BlueDark.mat using Guid(73a95d3487bed2a42881a59262d82c31) Importer(815301076,1909f56bfc062723c751e8b465ee728b)  -> (artifact id: '2d3353a3cc173cf706de776b2890cd4d') in 0.005109 seconds 
========================================================================
Received Import Request.
  Time since last request: 0.000118 seconds.
  path: Assets/Materials/Colors/TurquoiseMuted.mat
  artifactKey: Guid(190123c743836764bba715147b19684e) Importer(815301076,1909f56bfc062723c751e8b465ee728b)
Start importing Assets/Materials/Colors/TurquoiseMuted.mat using Guid(190123c743836764bba715147b19684e) Importer(815301076,1909f56bfc062723c751e8b465ee728b)  -> (artifact id: '363795e3def7693420178adba590c5b7') in 0.004949 seconds 
========================================================================
Received Import Request.
  Time since last request: 0.000132 seconds.
  path: Assets/Materials/Colors/PinkVivid.mat
  artifactKey: Guid(d606a7d414a043b4ab6836f6d970a632) Importer(815301076,1909f56bfc062723c751e8b465ee728b)
Start importing Assets/Materials/Colors/PinkVivid.mat using Guid(d606a7d414a043b4ab6836f6d970a632) Importer(815301076,1909f56bfc062723c751e8b465ee728b)  -> (artifact id: 'b181d92194804dde1b82cf55c3879204') in 0.004910 seconds 
========================================================================
Received Import Request.
  Time since last request: 0.000123 seconds.
  path: Assets/Materials/Colors/YellowDark.mat
  artifactKey: Guid(38a7f15dfbb776748862fee0a70825f1) Importer(815301076,1909f56bfc062723c751e8b465ee728b)
Start importing Assets/Materials/Colors/YellowDark.mat using Guid(38a7f15dfbb776748862fee0a70825f1) Importer(815301076,1909f56bfc062723c751e8b465ee728b)  -> (artifact id: 'bf9fba0d5d5d87753640e862150f303b') in 0.005049 seconds 
========================================================================
Received Import Request.
  Time since last request: 0.000136 seconds.
  path: Assets/Materials/Colors/BlueMuted.mat
  artifactKey: Guid(12edc833e7038dd47b70c22e4c757c71) Importer(815301076,1909f56bfc062723c751e8b465ee728b)
Start importing Assets/Materials/Colors/BlueMuted.mat using Guid(12edc833e7038dd47b70c22e4c757c71) Importer(815301076,1909f56bfc062723c751e8b465ee728b)  -> (artifact id: '0bd41d6c01034a83d4970f1d30aba892') in 0.004939 seconds 
========================================================================
Received Import Request.
  Time since last request: 0.000129 seconds.
  path: Assets/Materials/Colors/Yellow4.mat
  artifactKey: Guid(e6bc84ec0395e784dbc59ffb5fb2120b) Importer(815301076,1909f56bfc062723c751e8b465ee728b)
Start importing Assets/Materials/Colors/Yellow4.mat using Guid(e6bc84ec0395e784dbc59ffb5fb2120b) Importer(815301076,1909f56bfc062723c751e8b465ee728b)  -> (artifact id: '8cb401264f79f6e8d5f08b9001848828') in 0.004736 seconds 
========================================================================
Received Import Request.
  Time since last request: 0.000154 seconds.
  path: Assets/Materials/Colors/GreenVivid.mat
  artifactKey: Guid(ec9ca6776a049f7428c879d230fa0da5) Importer(815301076,1909f56bfc062723c751e8b465ee728b)
Start importing Assets/Materials/Colors/GreenVivid.mat using Guid(ec9ca6776a049f7428c879d230fa0da5) Importer(815301076,1909f56bfc062723c751e8b465ee728b)  -> (artifact id: '49c705e7abeadca14ae2afa9b45b135f') in 0.005020 seconds 
========================================================================
Received Import Request.
  Time since last request: 0.000130 seconds.
  path: Assets/Materials/Colors/Yellow.mat
  artifactKey: Guid(0c9abbc8f3cd24342bd159022af54e2b) Importer(815301076,1909f56bfc062723c751e8b465ee728b)
Start importing Assets/Materials/Colors/Yellow.mat using Guid(0c9abbc8f3cd24342bd159022af54e2b) Importer(815301076,1909f56bfc062723c751e8b465ee728b)  -> (artifact id: '2e168ecc0679c1a95d84b415d3924e12') in 0.005149 seconds 
========================================================================
Received Import Request.
  Time since last request: 0.000131 seconds.
  path: Assets/Materials/Colors/BluePale.mat
  artifactKey: Guid(f2e2ea1d410ee1c498a77152928fd7a7) Importer(815301076,1909f56bfc062723c751e8b465ee728b)
Start importing Assets/Materials/Colors/BluePale.mat using Guid(f2e2ea1d410ee1c498a77152928fd7a7) Importer(815301076,1909f56bfc062723c751e8b465ee728b)  -> (artifact id: '6e431de0da686cbcf7fc672b1a2a3de4') in 0.005981 seconds 
========================================================================
Received Import Request.
  Time since last request: 0.000145 seconds.
  path: Assets/Materials/Colors/BlueVivid.mat
  artifactKey: Guid(226ea7e91dc94f54caecfc3dab91c84a) Importer(815301076,1909f56bfc062723c751e8b465ee728b)
Start importing Assets/Materials/Colors/BlueVivid.mat using Guid(226ea7e91dc94f54caecfc3dab91c84a) Importer(815301076,1909f56bfc062723c751e8b465ee728b)  -> (artifact id: '227ad2451f271749d14f3551eae95389') in 0.006250 seconds 
========================================================================
Received Import Request.
  Time since last request: 0.000178 seconds.
  path: Assets/Materials/Colors/GreenMuted.mat
  artifactKey: Guid(3aa43615eb4ae8041bd3da42eb3e1b20) Importer(815301076,1909f56bfc062723c751e8b465ee728b)
Start importing Assets/Materials/Colors/GreenMuted.mat using Guid(3aa43615eb4ae8041bd3da42eb3e1b20) Importer(815301076,1909f56bfc062723c751e8b465ee728b)  -> (artifact id: 'de686e7b679ea7836f3daad152732e8f') in 0.006182 seconds 
========================================================================
Received Import Request.
  Time since last request: 0.000140 seconds.
  path: Assets/Materials/Colors/Gray8.mat
  artifactKey: Guid(dd6f6e55149d932468e0e6ca3b9ef8ce) Importer(815301076,1909f56bfc062723c751e8b465ee728b)
Start importing Assets/Materials/Colors/Gray8.mat using Guid(dd6f6e55149d932468e0e6ca3b9ef8ce) Importer(815301076,1909f56bfc062723c751e8b465ee728b)  -> (artifact id: '8fd99d0638e0b5577feacab4b9a95c94') in 0.004971 seconds 
========================================================================
Received Import Request.
  Time since last request: 0.000120 seconds.
  path: Assets/Materials/Colors/OrangeMuted.mat
  artifactKey: Guid(7f2c4d39cd0cf194e8f8f744122ca5be) Importer(815301076,1909f56bfc062723c751e8b465ee728b)
Start importing Assets/Materials/Colors/OrangeMuted.mat using Guid(7f2c4d39cd0cf194e8f8f744122ca5be) Importer(815301076,1909f56bfc062723c751e8b465ee728b)  -> (artifact id: '4955ca854e7f606b72f563335a6f0877') in 0.004953 seconds 
========================================================================
Received Import Request.
  Time since last request: 0.000135 seconds.
  path: Assets/Materials/Colors/RedMuted.mat
  artifactKey: Guid(238aaa786862bf144a49b68b4b3da1f9) Importer(815301076,1909f56bfc062723c751e8b465ee728b)
Start importing Assets/Materials/Colors/RedMuted.mat using Guid(238aaa786862bf144a49b68b4b3da1f9) Importer(815301076,1909f56bfc062723c751e8b465ee728b)  -> (artifact id: '21dd7e1a20844b22084392c635c26365') in 0.004934 seconds 
========================================================================
Received Import Request.
  Time since last request: 0.000126 seconds.
  path: Assets/Materials/Colors/YellowVivid.mat
  artifactKey: Guid(99dec347625dd8f418e7d2027b7d41a3) Importer(815301076,1909f56bfc062723c751e8b465ee728b)
Start importing Assets/Materials/Colors/YellowVivid.mat using Guid(99dec347625dd8f418e7d2027b7d41a3) Importer(815301076,1909f56bfc062723c751e8b465ee728b)  -> (artifact id: '6b46716c305dc3a525912cee52c0930c') in 0.005029 seconds 
========================================================================
Received Import Request.
  Time since last request: 0.000141 seconds.
  path: Assets/Materials/Colors/VioiletDark.mat
  artifactKey: Guid(c061fb2dd3d98814fa4423e9f4710089) Importer(815301076,1909f56bfc062723c751e8b465ee728b)
Start importing Assets/Materials/Colors/VioiletDark.mat using Guid(c061fb2dd3d98814fa4423e9f4710089) Importer(815301076,1909f56bfc062723c751e8b465ee728b)  -> (artifact id: 'f09865d40d11a8b1e836a18fa3b56275') in 0.004959 seconds 
========================================================================
Received Import Request.
  Time since last request: 0.000128 seconds.
  path: Assets/Materials/Colors/YellowPale.mat
  artifactKey: Guid(07dfc4f16f6f41d43a103f2ddf5fff97) Importer(815301076,1909f56bfc062723c751e8b465ee728b)
Start importing Assets/Materials/Colors/YellowPale.mat using Guid(07dfc4f16f6f41d43a103f2ddf5fff97) Importer(815301076,1909f56bfc062723c751e8b465ee728b)  -> (artifact id: '8b3b55aa4b062dfcccd33ce8eacfdb79') in 0.004962 seconds 
========================================================================
Received Import Request.
  Time since last request: 0.000120 seconds.
  path: Assets/Materials/Colors/AppleGreenPale.mat
  artifactKey: Guid(55b0d9313efe72547be3bbb48acd03e1) Importer(815301076,1909f56bfc062723c751e8b465ee728b)
Start importing Assets/Materials/Colors/AppleGreenPale.mat using Guid(55b0d9313efe72547be3bbb48acd03e1) Importer(815301076,1909f56bfc062723c751e8b465ee728b)  -> (artifact id: '8a684437c32d3263d317dce65430382f') in 0.005634 seconds 
========================================================================
Received Import Request.
  Time since last request: 0.000124 seconds.
  path: Assets/Materials/Colors/PinkDark.mat
  artifactKey: Guid(a9d3a5d0b0b99494fa5b22ac8d7ed757) Importer(815301076,1909f56bfc062723c751e8b465ee728b)
Start importing Assets/Materials/Colors/PinkDark.mat using Guid(a9d3a5d0b0b99494fa5b22ac8d7ed757) Importer(815301076,1909f56bfc062723c751e8b465ee728b)  -> (artifact id: '5306de68c467ec28596826cfb1df8921') in 0.004927 seconds 
========================================================================
Received Import Request.
  Time since last request: 0.000119 seconds.
  path: Assets/Materials/Colors/OrangeVivid.mat
  artifactKey: Guid(00ffae5208e5bef4cb996827242c3a0a) Importer(815301076,1909f56bfc062723c751e8b465ee728b)
Start importing Assets/Materials/Colors/OrangeVivid.mat using Guid(00ffae5208e5bef4cb996827242c3a0a) Importer(815301076,1909f56bfc062723c751e8b465ee728b)  -> (artifact id: 'fc252fb7eb51498186420c76e14e63ae') in 0.005043 seconds 
========================================================================
Received Import Request.
  Time since last request: 0.000136 seconds.
  path: Assets/Materials/Colors/VioletPale.mat
  artifactKey: Guid(bb841dfe04be57f479a26d36d55e6c98) Importer(815301076,1909f56bfc062723c751e8b465ee728b)
Start importing Assets/Materials/Colors/VioletPale.mat using Guid(bb841dfe04be57f479a26d36d55e6c98) Importer(815301076,1909f56bfc062723c751e8b465ee728b)  -> (artifact id: 'e276e3fbb475c327bfbebeaad4738574') in 0.004796 seconds 
========================================================================
Received Import Request.
  Time since last request: 0.000172 seconds.
  path: Assets/Materials/Colors/AppleGreenVivid.mat
  artifactKey: Guid(563d503da8bfccf478445cbdca73f292) Importer(815301076,1909f56bfc062723c751e8b465ee728b)
Start importing Assets/Materials/Colors/AppleGreenVivid.mat using Guid(563d503da8bfccf478445cbdca73f292) Importer(815301076,1909f56bfc062723c751e8b465ee728b)  -> (artifact id: '95308abb5378cf4e6bae9232267f6460') in 0.004979 seconds 
========================================================================
Received Import Request.
  Time since last request: 0.000113 seconds.
  path: Assets/Materials/Colors/RedDark.mat
  artifactKey: Guid(572729279bc200c459ab183769cd450c) Importer(815301076,1909f56bfc062723c751e8b465ee728b)
Start importing Assets/Materials/Colors/RedDark.mat using Guid(572729279bc200c459ab183769cd450c) Importer(815301076,1909f56bfc062723c751e8b465ee728b)  -> (artifact id: '77f59526702157d2e025da72aab196f9') in 0.004681 seconds 
========================================================================
Received Import Request.
  Time since last request: 0.000123 seconds.
  path: Assets/Materials/Colors/Yellow2.mat
  artifactKey: Guid(6c70ff6bc6596154e95b4d78f2210b56) Importer(815301076,1909f56bfc062723c751e8b465ee728b)
Start importing Assets/Materials/Colors/Yellow2.mat using Guid(6c70ff6bc6596154e95b4d78f2210b56) Importer(815301076,1909f56bfc062723c751e8b465ee728b)  -> (artifact id: '189340f0cff7d9eb4b8eb97c6f588030') in 0.004742 seconds 
========================================================================
Received Import Request.
  Time since last request: 8.934980 seconds.
  path: Assets/Materials/Cubes
  artifactKey: Guid(24cc270bc23ab574290998ad57cdb65a) Importer(815301076,1909f56bfc062723c751e8b465ee728b)
Start importing Assets/Materials/Cubes using Guid(24cc270bc23ab574290998ad57cdb65a) Importer(815301076,1909f56bfc062723c751e8b465ee728b)  -> (artifact id: '5143fa093c268edfe7f848ec0d1ec375') in 0.001496 seconds 
========================================================================
Received Import Request.
  Time since last request: 2.627470 seconds.
  path: Assets/Materials/Pictures
  artifactKey: Guid(e3b6c327f00b75b43872d621c499b789) Importer(815301076,1909f56bfc062723c751e8b465ee728b)
Start importing Assets/Materials/Pictures using Guid(e3b6c327f00b75b43872d621c499b789) Importer(815301076,1909f56bfc062723c751e8b465ee728b)  -> (artifact id: '7150654adf59d58cc202191340ab87ea') in 0.001510 seconds 
========================================================================
Received Import Request.
  Time since last request: 0.049669 seconds.
  path: Assets/Materials/Pictures/Arrow 1.png
  artifactKey: Guid(1dd0128f3dc1e7a4e9a6b99beb3e9592) Importer(815301076,1909f56bfc062723c751e8b465ee728b)
Start importing Assets/Materials/Pictures/Arrow 1.png using Guid(1dd0128f3dc1e7a4e9a6b99beb3e9592) Importer(815301076,1909f56bfc062723c751e8b465ee728b)  -> (artifact id: 'd50573ce23d3f02eb223e7c6efc414d2') in 0.032173 seconds 
========================================================================
Received Import Request.
  Time since last request: 0.000125 seconds.
  path: Assets/Materials/Pictures/Arrow.png
  artifactKey: Guid(c5055c4872f08e145b9479b2aec4e236) Importer(815301076,1909f56bfc062723c751e8b465ee728b)
Start importing Assets/Materials/Pictures/Arrow.png using Guid(c5055c4872f08e145b9479b2aec4e236) Importer(815301076,1909f56bfc062723c751e8b465ee728b)  -> (artifact id: '4fc269a945bbe415f8fe3823c9b11acc') in 0.009421 seconds 
========================================================================
Received Import Request.
  Time since last request: 0.000130 seconds.
  path: Assets/Materials/Pictures/Question_mark.png
  artifactKey: Guid(6519b4c606cbdab42a1960ef0320ae4e) Importer(815301076,1909f56bfc062723c751e8b465ee728b)
Start importing Assets/Materials/Pictures/Question_mark.png using Guid(6519b4c606cbdab42a1960ef0320ae4e) Importer(815301076,1909f56bfc062723c751e8b465ee728b)  -> (artifact id: '0f1aa90b6c0e5274e968e2798280446f') in 0.004620 seconds 
========================================================================
Received Prepare
Registering precompiled user dll's ...
Registered in 0.001845 seconds.
Begin MonoManager ReloadAssembly
Native extension for WindowsStandalone target not found
Refreshing native plugins compatible for Editor in 0.38 ms, found 2 plugins.
Preloading 0 native plugins for Editor in 0.00 ms.
Mono: successfully reloaded assembly
- Completed reload, in  0.629 seconds
Domain Reload Profiling:
	ReloadAssembly (629ms)
		BeginReloadAssembly (90ms)
			ExecutionOrderSort (0ms)
			DisableScriptedObjects (2ms)
			BackupInstance (0ms)
			ReleaseScriptingObjects (0ms)
			CreateAndSetChildDomain (25ms)
		EndReloadAssembly (496ms)
			LoadAssemblies (69ms)
			RebuildTransferFunctionScriptingTraits (0ms)
			SetupTypeCache (172ms)
			ReleaseScriptCaches (1ms)
			RebuildScriptCaches (23ms)
			SetupLoadedEditorAssemblies (188ms)
				LogAssemblyErrors (0ms)
				InitializePlatformSupportModulesInManaged (3ms)
				SetLoadedEditorAssemblies (0ms)
				RefreshPlugins (0ms)
				BeforeProcessingInitializeOnLoad (50ms)
				ProcessInitializeOnLoadAttributes (121ms)
				ProcessInitializeOnLoadMethodAttributes (6ms)
				AfterProcessingInitializeOnLoad (7ms)
				EditorAssembliesLoaded (0ms)
			ExecutionOrderSort2 (0ms)
			AwakeInstancesAfterBackupRestoration (4ms)
Platform modules already initialized, skipping
Refreshing native plugins compatible for Editor in 0.38 ms, found 2 plugins.
Preloading 0 native plugins for Editor in 0.00 ms.
Unloading 1553 Unused Serialized files (Serialized files now loaded: 0)
System memory in use before: 166.7 MB.
System memory in use after: 166.8 MB.

Unloading 11 unused Assets to reduce memory usage. Loaded Objects now: 2094.
Total: 2.309400 ms (FindLiveObjects: 0.140700 ms CreateObjectMapping: 0.043300 ms MarkObjects: 2.108700 ms  DeleteObjects: 0.016000 ms)

AssetImportParameters requested are different than current active one (requested -> active):
  custom:framework-win-MediaFoundation: 216162199b28c13a410421893ffa2e32 -> 
  custom:video-decoder-ogg-theora: a1e56fd34408186e4bbccfd4996cb3dc -> 
  custom:container-muxer-webm: aa71ff27fc2769a1b78a27578f13a17b -> 
  custom:container-demuxer-webm: 4f35f7cbe854078d1ac9338744f61a02 -> 
  custom:container-demuxer-ogg: 62fdf1f143b41e24485cea50d1cbac27 -> 
  custom:video-encoder-webm-vp8: eb34c28f22e8b96e1ab97ce403110664 -> 
  custom:video-decoder-webm-vp8: 9c59270c3fd7afecdb556c50c9e8de78 -> 
  custom:audio-decoder-ogg-vorbis: bf7c407c2cedff20999df2af8eb42d56 -> 
  custom:audio-encoder-webm-vorbis: bf7c407c2cedff20999df2af8eb42d56 -> 
========================================================================
Received Import Request.
  Time since last request: 216.853688 seconds.
  path: Assets/Materials/Color_codes.txt
  artifactKey: Guid(42937310f268bf641988c5b079768914) Importer(815301076,1909f56bfc062723c751e8b465ee728b)
Start importing Assets/Materials/Color_codes.txt using Guid(42937310f268bf641988c5b079768914) Importer(815301076,1909f56bfc062723c751e8b465ee728b)  -> (artifact id: '850cf2a58fb66fbd304ba047f0eb3faa') in 0.015804 seconds 
========================================================================
Received Import Request.
  Time since last request: 363.591048 seconds.
  path: Assets/Codes
  artifactKey: Guid(8cef6da03d6907c4a8fd4496034b0b01) Importer(815301076,1909f56bfc062723c751e8b465ee728b)
Start importing Assets/Codes using Guid(8cef6da03d6907c4a8fd4496034b0b01) Importer(815301076,1909f56bfc062723c751e8b465ee728b)  -> (artifact id: '8fd2e4a36a9e5b051e82e4ca77cfffff') in 0.001491 seconds 
========================================================================
Received Prepare
Registering precompiled user dll's ...
Registered in 0.001705 seconds.
Begin MonoManager ReloadAssembly
Native extension for WindowsStandalone target not found
Refreshing native plugins compatible for Editor in 0.38 ms, found 2 plugins.
Preloading 0 native plugins for Editor in 0.00 ms.
Mono: successfully reloaded assembly
- Completed reload, in  0.687 seconds
Domain Reload Profiling:
	ReloadAssembly (687ms)
		BeginReloadAssembly (126ms)
			ExecutionOrderSort (0ms)
			DisableScriptedObjects (4ms)
			BackupInstance (0ms)
			ReleaseScriptingObjects (0ms)
			CreateAndSetChildDomain (31ms)
		EndReloadAssembly (514ms)
			LoadAssemblies (102ms)
			RebuildTransferFunctionScriptingTraits (0ms)
			SetupTypeCache (177ms)
			ReleaseScriptCaches (1ms)
			RebuildScriptCaches (24ms)
			SetupLoadedEditorAssemblies (194ms)
				LogAssemblyErrors (0ms)
				InitializePlatformSupportModulesInManaged (3ms)
				SetLoadedEditorAssemblies (0ms)
				RefreshPlugins (0ms)
				BeforeProcessingInitializeOnLoad (51ms)
				ProcessInitializeOnLoadAttributes (126ms)
				ProcessInitializeOnLoadMethodAttributes (6ms)
				AfterProcessingInitializeOnLoad (7ms)
				EditorAssembliesLoaded (0ms)
			ExecutionOrderSort2 (0ms)
			AwakeInstancesAfterBackupRestoration (4ms)
Platform modules already initialized, skipping
Refreshing native plugins compatible for Editor in 0.40 ms, found 2 plugins.
Preloading 0 native plugins for Editor in 0.00 ms.
Unloading 1554 Unused Serialized files (Serialized files now loaded: 0)
System memory in use before: 166.8 MB.
System memory in use after: 166.9 MB.

Unloading 11 unused Assets to reduce memory usage. Loaded Objects now: 2097.
Total: 2.465100 ms (FindLiveObjects: 0.146100 ms CreateObjectMapping: 0.047300 ms MarkObjects: 2.252200 ms  DeleteObjects: 0.018700 ms)

AssetImportParameters requested are different than current active one (requested -> active):
  custom:framework-win-MediaFoundation: 216162199b28c13a410421893ffa2e32 -> 
  custom:video-decoder-ogg-theora: a1e56fd34408186e4bbccfd4996cb3dc -> 
  custom:container-muxer-webm: aa71ff27fc2769a1b78a27578f13a17b -> 
  custom:container-demuxer-webm: 4f35f7cbe854078d1ac9338744f61a02 -> 
  custom:container-demuxer-ogg: 62fdf1f143b41e24485cea50d1cbac27 -> 
  custom:video-encoder-webm-vp8: eb34c28f22e8b96e1ab97ce403110664 -> 
  custom:video-decoder-webm-vp8: 9c59270c3fd7afecdb556c50c9e8de78 -> 
  custom:audio-decoder-ogg-vorbis: bf7c407c2cedff20999df2af8eb42d56 -> 
  custom:audio-encoder-webm-vorbis: bf7c407c2cedff20999df2af8eb42d56 -> 
========================================================================
Received Import Request.
  Time since last request: 424.747942 seconds.
  path: Assets/Codes/Spawn_cubes_for_grayscale.cs
  artifactKey: Guid(4772e4b3452fa994bae9405a5dd2b50d) Importer(815301076,1909f56bfc062723c751e8b465ee728b)
Start importing Assets/Codes/Spawn_cubes_for_grayscale.cs using Guid(4772e4b3452fa994bae9405a5dd2b50d) Importer(815301076,1909f56bfc062723c751e8b465ee728b)  -> (artifact id: '90b05c4bd313ec2767ff5c1c03321bf3') in 0.006731 seconds 
========================================================================
Received Prepare
Registering precompiled user dll's ...
Registered in 0.001765 seconds.
Begin MonoManager ReloadAssembly
Native extension for WindowsStandalone target not found
Refreshing native plugins compatible for Editor in 0.44 ms, found 2 plugins.
Preloading 0 native plugins for Editor in 0.00 ms.
Mono: successfully reloaded assembly
- Completed reload, in  0.651 seconds
Domain Reload Profiling:
	ReloadAssembly (651ms)
		BeginReloadAssembly (99ms)
			ExecutionOrderSort (0ms)
			DisableScriptedObjects (3ms)
			BackupInstance (0ms)
			ReleaseScriptingObjects (0ms)
			CreateAndSetChildDomain (28ms)
		EndReloadAssembly (510ms)
			LoadAssemblies (76ms)
			RebuildTransferFunctionScriptingTraits (0ms)
			SetupTypeCache (159ms)
			ReleaseScriptCaches (1ms)
			RebuildScriptCaches (25ms)
			SetupLoadedEditorAssemblies (206ms)
				LogAssemblyErrors (0ms)
				InitializePlatformSupportModulesInManaged (3ms)
				SetLoadedEditorAssemblies (0ms)
				RefreshPlugins (1ms)
				BeforeProcessingInitializeOnLoad (54ms)
				ProcessInitializeOnLoadAttributes (133ms)
				ProcessInitializeOnLoadMethodAttributes (7ms)
				AfterProcessingInitializeOnLoad (7ms)
				EditorAssembliesLoaded (0ms)
			ExecutionOrderSort2 (0ms)
			AwakeInstancesAfterBackupRestoration (4ms)
Platform modules already initialized, skipping
Refreshing native plugins compatible for Editor in 0.44 ms, found 2 plugins.
Preloading 0 native plugins for Editor in 0.00 ms.
Unloading 1554 Unused Serialized files (Serialized files now loaded: 0)
System memory in use before: 166.8 MB.
System memory in use after: 166.9 MB.

Unloading 11 unused Assets to reduce memory usage. Loaded Objects now: 2099.
Total: 2.804900 ms (FindLiveObjects: 0.203000 ms CreateObjectMapping: 0.056900 ms MarkObjects: 2.523700 ms  DeleteObjects: 0.020600 ms)

AssetImportParameters requested are different than current active one (requested -> active):
  custom:framework-win-MediaFoundation: 216162199b28c13a410421893ffa2e32 -> 
  custom:video-decoder-ogg-theora: a1e56fd34408186e4bbccfd4996cb3dc -> 
  custom:container-muxer-webm: aa71ff27fc2769a1b78a27578f13a17b -> 
  custom:container-demuxer-webm: 4f35f7cbe854078d1ac9338744f61a02 -> 
  custom:container-demuxer-ogg: 62fdf1f143b41e24485cea50d1cbac27 -> 
  custom:video-encoder-webm-vp8: eb34c28f22e8b96e1ab97ce403110664 -> 
  custom:video-decoder-webm-vp8: 9c59270c3fd7afecdb556c50c9e8de78 -> 
  custom:audio-decoder-ogg-vorbis: bf7c407c2cedff20999df2af8eb42d56 -> 
  custom:audio-encoder-webm-vorbis: bf7c407c2cedff20999df2af8eb42d56 -> 
========================================================================
Received Prepare
Registering precompiled user dll's ...
Registered in 0.001699 seconds.
Begin MonoManager ReloadAssembly
Native extension for WindowsStandalone target not found
Refreshing native plugins compatible for Editor in 0.54 ms, found 2 plugins.
Preloading 0 native plugins for Editor in 0.00 ms.
Mono: successfully reloaded assembly
- Completed reload, in  0.607 seconds
Domain Reload Profiling:
	ReloadAssembly (607ms)
		BeginReloadAssembly (88ms)
			ExecutionOrderSort (0ms)
			DisableScriptedObjects (3ms)
			BackupInstance (0ms)
			ReleaseScriptingObjects (0ms)
			CreateAndSetChildDomain (23ms)
		EndReloadAssembly (477ms)
			LoadAssemblies (69ms)
			RebuildTransferFunctionScriptingTraits (0ms)
			SetupTypeCache (157ms)
			ReleaseScriptCaches (1ms)
			RebuildScriptCaches (22ms)
			SetupLoadedEditorAssemblies (186ms)
				LogAssemblyErrors (0ms)
				InitializePlatformSupportModulesInManaged (3ms)
				SetLoadedEditorAssemblies (0ms)
				RefreshPlugins (1ms)
				BeforeProcessingInitializeOnLoad (49ms)
				ProcessInitializeOnLoadAttributes (120ms)
				ProcessInitializeOnLoadMethodAttributes (6ms)
				AfterProcessingInitializeOnLoad (6ms)
				EditorAssembliesLoaded (0ms)
			ExecutionOrderSort2 (0ms)
			AwakeInstancesAfterBackupRestoration (4ms)
Platform modules already initialized, skipping
Refreshing native plugins compatible for Editor in 0.37 ms, found 2 plugins.
Preloading 0 native plugins for Editor in 0.00 ms.
Unloading 1554 Unused Serialized files (Serialized files now loaded: 0)
System memory in use before: 166.8 MB.
System memory in use after: 166.9 MB.

Unloading 11 unused Assets to reduce memory usage. Loaded Objects now: 2101.
Total: 2.430700 ms (FindLiveObjects: 0.137100 ms CreateObjectMapping: 0.039900 ms MarkObjects: 2.235700 ms  DeleteObjects: 0.017200 ms)

AssetImportParameters requested are different than current active one (requested -> active):
  custom:framework-win-MediaFoundation: 216162199b28c13a410421893ffa2e32 -> 
  custom:video-decoder-ogg-theora: a1e56fd34408186e4bbccfd4996cb3dc -> 
  custom:container-muxer-webm: aa71ff27fc2769a1b78a27578f13a17b -> 
  custom:container-demuxer-webm: 4f35f7cbe854078d1ac9338744f61a02 -> 
  custom:container-demuxer-ogg: 62fdf1f143b41e24485cea50d1cbac27 -> 
  custom:video-encoder-webm-vp8: eb34c28f22e8b96e1ab97ce403110664 -> 
  custom:video-decoder-webm-vp8: 9c59270c3fd7afecdb556c50c9e8de78 -> 
  custom:audio-decoder-ogg-vorbis: bf7c407c2cedff20999df2af8eb42d56 -> 
  custom:audio-encoder-webm-vorbis: bf7c407c2cedff20999df2af8eb42d56 -> 
========================================================================
Received Import Request.
  Time since last request: 118.136351 seconds.
  path: Assets/Scenes/Gray_Tutorial.unity
  artifactKey: Guid(7e36b291f1a222746ad296dc333576e0) Importer(815301076,1909f56bfc062723c751e8b465ee728b)
Start importing Assets/Scenes/Gray_Tutorial.unity using Guid(7e36b291f1a222746ad296dc333576e0) Importer(815301076,1909f56bfc062723c751e8b465ee728b)  -> (artifact id: 'd046665f9d3141eee2d71aa8475fedc9') in 0.016786 seconds 
========================================================================
Received Prepare
Registering precompiled user dll's ...
Registered in 0.001597 seconds.
Begin MonoManager ReloadAssembly
Native extension for WindowsStandalone target not found
Refreshing native plugins compatible for Editor in 0.38 ms, found 2 plugins.
Preloading 0 native plugins for Editor in 0.00 ms.
Mono: successfully reloaded assembly
- Completed reload, in  0.608 seconds
Domain Reload Profiling:
	ReloadAssembly (608ms)
		BeginReloadAssembly (87ms)
			ExecutionOrderSort (0ms)
			DisableScriptedObjects (3ms)
			BackupInstance (0ms)
			ReleaseScriptingObjects (0ms)
			CreateAndSetChildDomain (24ms)
		EndReloadAssembly (479ms)
			LoadAssemblies (69ms)
			RebuildTransferFunctionScriptingTraits (0ms)
			SetupTypeCache (158ms)
			ReleaseScriptCaches (1ms)
			RebuildScriptCaches (23ms)
			SetupLoadedEditorAssemblies (187ms)
				LogAssemblyErrors (0ms)
				InitializePlatformSupportModulesInManaged (3ms)
				SetLoadedEditorAssemblies (0ms)
				RefreshPlugins (0ms)
				BeforeProcessingInitializeOnLoad (49ms)
				ProcessInitializeOnLoadAttributes (121ms)
				ProcessInitializeOnLoadMethodAttributes (6ms)
				AfterProcessingInitializeOnLoad (7ms)
				EditorAssembliesLoaded (0ms)
			ExecutionOrderSort2 (0ms)
			AwakeInstancesAfterBackupRestoration (4ms)
Platform modules already initialized, skipping
Refreshing native plugins compatible for Editor in 0.37 ms, found 2 plugins.
Preloading 0 native plugins for Editor in 0.00 ms.
Unloading 1554 Unused Serialized files (Serialized files now loaded: 0)
System memory in use before: 166.8 MB.
System memory in use after: 166.9 MB.

Unloading 11 unused Assets to reduce memory usage. Loaded Objects now: 2103.
Total: 2.341000 ms (FindLiveObjects: 0.131700 ms CreateObjectMapping: 0.038600 ms MarkObjects: 2.153900 ms  DeleteObjects: 0.016100 ms)

AssetImportParameters requested are different than current active one (requested -> active):
  custom:framework-win-MediaFoundation: 216162199b28c13a410421893ffa2e32 -> 
  custom:video-decoder-ogg-theora: a1e56fd34408186e4bbccfd4996cb3dc -> 
  custom:container-muxer-webm: aa71ff27fc2769a1b78a27578f13a17b -> 
  custom:container-demuxer-webm: 4f35f7cbe854078d1ac9338744f61a02 -> 
  custom:container-demuxer-ogg: 62fdf1f143b41e24485cea50d1cbac27 -> 
  custom:video-encoder-webm-vp8: eb34c28f22e8b96e1ab97ce403110664 -> 
  custom:video-decoder-webm-vp8: 9c59270c3fd7afecdb556c50c9e8de78 -> 
  custom:audio-decoder-ogg-vorbis: bf7c407c2cedff20999df2af8eb42d56 -> 
  custom:audio-encoder-webm-vorbis: bf7c407c2cedff20999df2af8eb42d56 -> 
========================================================================
Received Import Request.
  Time since last request: 43.520456 seconds.
  path: Assets/Scenes/Gray_Tutorial.unity
  artifactKey: Guid(7e36b291f1a222746ad296dc333576e0) Importer(815301076,1909f56bfc062723c751e8b465ee728b)
Start importing Assets/Scenes/Gray_Tutorial.unity using Guid(7e36b291f1a222746ad296dc333576e0) Importer(815301076,1909f56bfc062723c751e8b465ee728b)  -> (artifact id: 'e1ac023d3d01e87693bd2d8472afc366') in 0.011151 seconds 
========================================================================
Received Import Request.
  Time since last request: 4.177602 seconds.
  path: Assets/Scenes/Menu.unity
  artifactKey: Guid(25167a9fb9238e24ba2f5d10c23ba937) Importer(815301076,1909f56bfc062723c751e8b465ee728b)
Start importing Assets/Scenes/Menu.unity using Guid(25167a9fb9238e24ba2f5d10c23ba937) Importer(815301076,1909f56bfc062723c751e8b465ee728b)  -> (artifact id: 'f7c4fc4d3e6117ef80a010821f8ad7be') in 0.001715 seconds 
========================================================================
Received Prepare
Registering precompiled user dll's ...
Registered in 0.001564 seconds.
Begin MonoManager ReloadAssembly
Native extension for WindowsStandalone target not found
Refreshing native plugins compatible for Editor in 0.37 ms, found 2 plugins.
Preloading 0 native plugins for Editor in 0.00 ms.
Mono: successfully reloaded assembly
- Completed reload, in  0.606 seconds
Domain Reload Profiling:
	ReloadAssembly (606ms)
		BeginReloadAssembly (88ms)
			ExecutionOrderSort (0ms)
			DisableScriptedObjects (3ms)
			BackupInstance (0ms)
			ReleaseScriptingObjects (0ms)
			CreateAndSetChildDomain (24ms)
		EndReloadAssembly (476ms)
			LoadAssemblies (70ms)
			RebuildTransferFunctionScriptingTraits (0ms)
			SetupTypeCache (158ms)
			ReleaseScriptCaches (1ms)
			RebuildScriptCaches (22ms)
			SetupLoadedEditorAssemblies (184ms)
				LogAssemblyErrors (0ms)
				InitializePlatformSupportModulesInManaged (3ms)
				SetLoadedEditorAssemblies (0ms)
				RefreshPlugins (0ms)
				BeforeProcessingInitializeOnLoad (49ms)
				ProcessInitializeOnLoadAttributes (119ms)
				ProcessInitializeOnLoadMethodAttributes (6ms)
				AfterProcessingInitializeOnLoad (6ms)
				EditorAssembliesLoaded (0ms)
			ExecutionOrderSort2 (0ms)
			AwakeInstancesAfterBackupRestoration (4ms)
Platform modules already initialized, skipping
Refreshing native plugins compatible for Editor in 0.37 ms, found 2 plugins.
Preloading 0 native plugins for Editor in 0.00 ms.
Unloading 1554 Unused Serialized files (Serialized files now loaded: 0)
System memory in use before: 166.9 MB.
System memory in use after: 167.0 MB.

Unloading 11 unused Assets to reduce memory usage. Loaded Objects now: 2105.
Total: 2.428300 ms (FindLiveObjects: 0.149600 ms CreateObjectMapping: 0.051100 ms MarkObjects: 2.208900 ms  DeleteObjects: 0.018100 ms)

AssetImportParameters requested are different than current active one (requested -> active):
  custom:framework-win-MediaFoundation: 216162199b28c13a410421893ffa2e32 -> 
  custom:video-decoder-ogg-theora: a1e56fd34408186e4bbccfd4996cb3dc -> 
  custom:container-muxer-webm: aa71ff27fc2769a1b78a27578f13a17b -> 
  custom:container-demuxer-webm: 4f35f7cbe854078d1ac9338744f61a02 -> 
  custom:container-demuxer-ogg: 62fdf1f143b41e24485cea50d1cbac27 -> 
  custom:video-encoder-webm-vp8: eb34c28f22e8b96e1ab97ce403110664 -> 
  custom:video-decoder-webm-vp8: 9c59270c3fd7afecdb556c50c9e8de78 -> 
  custom:audio-decoder-ogg-vorbis: bf7c407c2cedff20999df2af8eb42d56 -> 
  custom:audio-encoder-webm-vorbis: bf7c407c2cedff20999df2af8eb42d56 -> 
AssetImportWorkerClient::OnTransportError - code=2 error=End of file
